2019-01-31 10:47:19.248  INFO 19132 --- [JavaFX-Launcher] o.s.boot.SpringApplication               : Starting application on LAPTOP-B4A9F2KG with PID 19132 (started by DCM in E:\Software\BookingApp\V1\BookingSystem)
2019-01-31 10:47:19.258  INFO 19132 --- [JavaFX-Launcher] o.s.boot.SpringApplication               : No active profile set, falling back to default profiles: default
2019-01-31 10:47:19.334  INFO 19132 --- [JavaFX-Launcher] s.c.a.AnnotationConfigApplicationContext : Refreshing org.springframework.context.annotation.AnnotationConfigApplicationContext@7c40c650: startup date [Thu Jan 31 10:47:19 IST 2019]; root of context hierarchy
2019-01-31 10:47:20.646  INFO 19132 --- [JavaFX-Launcher] f.a.AutowiredAnnotationBeanPostProcessor : JSR-330 'javax.inject.Inject' annotation found and supported for autowiring
2019-01-31 10:47:21.137  INFO 19132 --- [JavaFX-Launcher] com.zaxxer.hikari.HikariDataSource       : HikariPool-1 - Starting...
2019-01-31 10:47:21.449  INFO 19132 --- [JavaFX-Launcher] com.zaxxer.hikari.HikariDataSource       : HikariPool-1 - Start completed.
2019-01-31 10:47:21.516  INFO 19132 --- [JavaFX-Launcher] j.LocalContainerEntityManagerFactoryBean : Building JPA container EntityManagerFactory for persistence unit 'default'
2019-01-31 10:47:21.531  INFO 19132 --- [JavaFX-Launcher] o.hibernate.jpa.internal.util.LogHelper  : HHH000204: Processing PersistenceUnitInfo [
	name: default
	...]
2019-01-31 10:47:21.616  INFO 19132 --- [JavaFX-Launcher] org.hibernate.Version                    : HHH000412: Hibernate Core {5.2.17.Final}
2019-01-31 10:47:21.617  INFO 19132 --- [JavaFX-Launcher] org.hibernate.cfg.Environment            : HHH000206: hibernate.properties not found
2019-01-31 10:47:21.660  INFO 19132 --- [JavaFX-Launcher] o.hibernate.annotations.common.Version   : HCANN000001: Hibernate Commons Annotations {5.0.1.Final}
2019-01-31 10:47:21.818  INFO 19132 --- [JavaFX-Launcher] org.hibernate.dialect.Dialect            : HHH000400: Using dialect: org.hibernate.dialect.MySQL5Dialect
2019-01-31 10:47:23.807  INFO 19132 --- [JavaFX-Launcher] j.LocalContainerEntityManagerFactoryBean : Initialized JPA EntityManagerFactory for persistence unit 'default'
2019-01-31 10:47:25.515  INFO 19132 --- [JavaFX-Launcher] o.s.j.e.a.AnnotationMBeanExporter        : Registering beans for JMX exposure on startup
2019-01-31 10:47:25.516  INFO 19132 --- [JavaFX-Launcher] o.s.j.e.a.AnnotationMBeanExporter        : Bean with name 'dataSource' has been autodetected for JMX exposure
2019-01-31 10:47:25.522  INFO 19132 --- [JavaFX-Launcher] o.s.j.e.a.AnnotationMBeanExporter        : Located MBean 'dataSource': registering with JMX server as MBean [com.zaxxer.hikari:name=dataSource,type=HikariDataSource]
2019-01-31 10:47:25.535  INFO 19132 --- [JavaFX-Launcher] s.a.ScheduledAnnotationBeanPostProcessor : No TaskScheduler/ScheduledExecutorService bean found for scheduled processing
2019-01-31 10:47:25.561  INFO 19132 --- [JavaFX-Launcher] o.s.boot.SpringApplication               : Started application in 6.844 seconds (JVM running for 8.126)
2019-01-31 10:47:42.256  INFO 19132 --- [JavaFX Application Thread] o.h.h.i.QueryTranslatorFactoryInitiator  : HHH000397: Using ASTQueryTranslatorFactory
2019-01-31 10:47:42.432  INFO 19132 --- [JavaFX Application Thread] com.booking.controller.LoginController   : New Log in the system
2019-01-31 11:30:38.093  INFO 19132 --- [JavaFX Application Thread] com.booking.controller.LoginController   : New Log in the system
2019-01-31 12:21:03.283  INFO 19132 --- [JavaFX Application Thread] com.booking.controller.LoginController   : New Log in the system
2019-01-31 12:33:37.950  INFO 19132 --- [JavaFX Application Thread] s.c.a.AnnotationConfigApplicationContext : Closing org.springframework.context.annotation.AnnotationConfigApplicationContext@7c40c650: startup date [Thu Jan 31 10:47:19 IST 2019]; root of context hierarchy
2019-01-31 12:33:37.954  INFO 19132 --- [JavaFX Application Thread] o.s.j.e.a.AnnotationMBeanExporter        : Unregistering JMX-exposed beans on shutdown
2019-01-31 12:33:37.955  INFO 19132 --- [JavaFX Application Thread] o.s.j.e.a.AnnotationMBeanExporter        : Unregistering JMX-exposed beans
2019-01-31 12:33:37.960  INFO 19132 --- [JavaFX Application Thread] j.LocalContainerEntityManagerFactoryBean : Closing JPA EntityManagerFactory for persistence unit 'default'
2019-01-31 12:33:37.962  INFO 19132 --- [JavaFX Application Thread] com.zaxxer.hikari.HikariDataSource       : HikariPool-1 - Shutdown initiated...
2019-01-31 12:33:37.973  INFO 19132 --- [JavaFX Application Thread] com.zaxxer.hikari.HikariDataSource       : HikariPool-1 - Shutdown completed.
2019-01-31 12:33:53.577  INFO 15588 --- [JavaFX-Launcher] o.s.boot.SpringApplication               : Starting application on LAPTOP-B4A9F2KG with PID 15588 (started by DCM in E:\Software\BookingApp\V1\BookingSystem)
2019-01-31 12:33:53.578  INFO 15588 --- [JavaFX-Launcher] o.s.boot.SpringApplication               : No active profile set, falling back to default profiles: default
2019-01-31 12:33:53.607  INFO 15588 --- [JavaFX-Launcher] s.c.a.AnnotationConfigApplicationContext : Refreshing org.springframework.context.annotation.AnnotationConfigApplicationContext@24b87c1e: startup date [Thu Jan 31 12:33:53 IST 2019]; root of context hierarchy
2019-01-31 12:33:54.133  INFO 15588 --- [JavaFX-Launcher] f.a.AutowiredAnnotationBeanPostProcessor : JSR-330 'javax.inject.Inject' annotation found and supported for autowiring
2019-01-31 12:33:54.333  INFO 15588 --- [JavaFX-Launcher] com.zaxxer.hikari.HikariDataSource       : HikariPool-1 - Starting...
2019-01-31 12:33:54.469  INFO 15588 --- [JavaFX-Launcher] com.zaxxer.hikari.HikariDataSource       : HikariPool-1 - Start completed.
2019-01-31 12:33:54.503  INFO 15588 --- [JavaFX-Launcher] j.LocalContainerEntityManagerFactoryBean : Building JPA container EntityManagerFactory for persistence unit 'default'
2019-01-31 12:33:54.513  INFO 15588 --- [JavaFX-Launcher] o.hibernate.jpa.internal.util.LogHelper  : HHH000204: Processing PersistenceUnitInfo [
	name: default
	...]
2019-01-31 12:33:54.558  INFO 15588 --- [JavaFX-Launcher] org.hibernate.Version                    : HHH000412: Hibernate Core {5.2.17.Final}
2019-01-31 12:33:54.559  INFO 15588 --- [JavaFX-Launcher] org.hibernate.cfg.Environment            : HHH000206: hibernate.properties not found
2019-01-31 12:33:54.589  INFO 15588 --- [JavaFX-Launcher] o.hibernate.annotations.common.Version   : HCANN000001: Hibernate Commons Annotations {5.0.1.Final}
2019-01-31 12:33:54.691  INFO 15588 --- [JavaFX-Launcher] org.hibernate.dialect.Dialect            : HHH000400: Using dialect: org.hibernate.dialect.MySQL5Dialect
2019-01-31 12:33:55.840  INFO 15588 --- [JavaFX-Launcher] j.LocalContainerEntityManagerFactoryBean : Initialized JPA EntityManagerFactory for persistence unit 'default'
2019-01-31 12:33:56.490  INFO 15588 --- [JavaFX-Launcher] o.s.j.e.a.AnnotationMBeanExporter        : Registering beans for JMX exposure on startup
2019-01-31 12:33:56.490  INFO 15588 --- [JavaFX-Launcher] o.s.j.e.a.AnnotationMBeanExporter        : Bean with name 'dataSource' has been autodetected for JMX exposure
2019-01-31 12:33:56.494  INFO 15588 --- [JavaFX-Launcher] o.s.j.e.a.AnnotationMBeanExporter        : Located MBean 'dataSource': registering with JMX server as MBean [com.zaxxer.hikari:name=dataSource,type=HikariDataSource]
2019-01-31 12:33:56.501  INFO 15588 --- [JavaFX-Launcher] s.a.ScheduledAnnotationBeanPostProcessor : No TaskScheduler/ScheduledExecutorService bean found for scheduled processing
2019-01-31 12:33:56.518  INFO 15588 --- [JavaFX-Launcher] o.s.boot.SpringApplication               : Started application in 3.388 seconds (JVM running for 4.169)
2019-01-31 12:34:04.409  INFO 15588 --- [JavaFX Application Thread] o.h.h.i.QueryTranslatorFactoryInitiator  : HHH000397: Using ASTQueryTranslatorFactory
2019-01-31 12:34:04.495  INFO 15588 --- [JavaFX Application Thread] com.booking.controller.LoginController   : New Log in the system
2019-01-31 12:39:07.674  INFO 15588 --- [JavaFX Application Thread] s.c.a.AnnotationConfigApplicationContext : Closing org.springframework.context.annotation.AnnotationConfigApplicationContext@24b87c1e: startup date [Thu Jan 31 12:33:53 IST 2019]; root of context hierarchy
2019-01-31 12:39:07.676  INFO 15588 --- [JavaFX Application Thread] o.s.j.e.a.AnnotationMBeanExporter        : Unregistering JMX-exposed beans on shutdown
2019-01-31 12:39:07.676  INFO 15588 --- [JavaFX Application Thread] o.s.j.e.a.AnnotationMBeanExporter        : Unregistering JMX-exposed beans
2019-01-31 12:39:07.680  INFO 15588 --- [JavaFX Application Thread] j.LocalContainerEntityManagerFactoryBean : Closing JPA EntityManagerFactory for persistence unit 'default'
2019-01-31 12:39:07.682  INFO 15588 --- [JavaFX Application Thread] com.zaxxer.hikari.HikariDataSource       : HikariPool-1 - Shutdown initiated...
2019-01-31 12:39:07.691  INFO 15588 --- [JavaFX Application Thread] com.zaxxer.hikari.HikariDataSource       : HikariPool-1 - Shutdown completed.
2019-01-31 12:41:58.985  INFO 14244 --- [JavaFX-Launcher] o.s.boot.SpringApplication               : Starting application on LAPTOP-B4A9F2KG with PID 14244 (started by DCM in E:\Software\BookingApp\V1\BookingSystem)
2019-01-31 12:41:58.987  INFO 14244 --- [JavaFX-Launcher] o.s.boot.SpringApplication               : No active profile set, falling back to default profiles: default
2019-01-31 12:41:59.014  INFO 14244 --- [JavaFX-Launcher] s.c.a.AnnotationConfigApplicationContext : Refreshing org.springframework.context.annotation.AnnotationConfigApplicationContext@1ae9f2ec: startup date [Thu Jan 31 12:41:59 IST 2019]; root of context hierarchy
2019-01-31 12:41:59.538  INFO 14244 --- [JavaFX-Launcher] f.a.AutowiredAnnotationBeanPostProcessor : JSR-330 'javax.inject.Inject' annotation found and supported for autowiring
2019-01-31 12:41:59.740  INFO 14244 --- [JavaFX-Launcher] com.zaxxer.hikari.HikariDataSource       : HikariPool-1 - Starting...
2019-01-31 12:41:59.877  INFO 14244 --- [JavaFX-Launcher] com.zaxxer.hikari.HikariDataSource       : HikariPool-1 - Start completed.
2019-01-31 12:41:59.911  INFO 14244 --- [JavaFX-Launcher] j.LocalContainerEntityManagerFactoryBean : Building JPA container EntityManagerFactory for persistence unit 'default'
2019-01-31 12:41:59.920  INFO 14244 --- [JavaFX-Launcher] o.hibernate.jpa.internal.util.LogHelper  : HHH000204: Processing PersistenceUnitInfo [
	name: default
	...]
2019-01-31 12:41:59.966  INFO 14244 --- [JavaFX-Launcher] org.hibernate.Version                    : HHH000412: Hibernate Core {5.2.17.Final}
2019-01-31 12:41:59.967  INFO 14244 --- [JavaFX-Launcher] org.hibernate.cfg.Environment            : HHH000206: hibernate.properties not found
2019-01-31 12:41:59.999  INFO 14244 --- [JavaFX-Launcher] o.hibernate.annotations.common.Version   : HCANN000001: Hibernate Commons Annotations {5.0.1.Final}
2019-01-31 12:42:00.109  INFO 14244 --- [JavaFX-Launcher] org.hibernate.dialect.Dialect            : HHH000400: Using dialect: org.hibernate.dialect.MySQL5Dialect
2019-01-31 12:42:01.343  INFO 14244 --- [JavaFX-Launcher] j.LocalContainerEntityManagerFactoryBean : Initialized JPA EntityManagerFactory for persistence unit 'default'
2019-01-31 12:42:02.019  INFO 14244 --- [JavaFX-Launcher] o.s.j.e.a.AnnotationMBeanExporter        : Registering beans for JMX exposure on startup
2019-01-31 12:42:02.020  INFO 14244 --- [JavaFX-Launcher] o.s.j.e.a.AnnotationMBeanExporter        : Bean with name 'dataSource' has been autodetected for JMX exposure
2019-01-31 12:42:02.023  INFO 14244 --- [JavaFX-Launcher] o.s.j.e.a.AnnotationMBeanExporter        : Located MBean 'dataSource': registering with JMX server as MBean [com.zaxxer.hikari:name=dataSource,type=HikariDataSource]
2019-01-31 12:42:02.030  INFO 14244 --- [JavaFX-Launcher] s.a.ScheduledAnnotationBeanPostProcessor : No TaskScheduler/ScheduledExecutorService bean found for scheduled processing
2019-01-31 12:42:02.036  INFO 14244 --- [JavaFX-Launcher] o.s.boot.SpringApplication               : Started application in 3.341 seconds (JVM running for 4.079)
2019-01-31 12:42:10.901  INFO 14244 --- [JavaFX Application Thread] o.h.h.i.QueryTranslatorFactoryInitiator  : HHH000397: Using ASTQueryTranslatorFactory
2019-01-31 12:42:10.988  INFO 14244 --- [JavaFX Application Thread] com.booking.controller.LoginController   : New Log in the system
2019-01-31 12:44:28.238  INFO 14244 --- [JavaFX Application Thread] s.c.a.AnnotationConfigApplicationContext : Closing org.springframework.context.annotation.AnnotationConfigApplicationContext@1ae9f2ec: startup date [Thu Jan 31 12:41:59 IST 2019]; root of context hierarchy
2019-01-31 12:44:28.240  INFO 14244 --- [JavaFX Application Thread] o.s.j.e.a.AnnotationMBeanExporter        : Unregistering JMX-exposed beans on shutdown
2019-01-31 12:44:28.241  INFO 14244 --- [JavaFX Application Thread] o.s.j.e.a.AnnotationMBeanExporter        : Unregistering JMX-exposed beans
2019-01-31 12:44:28.242  INFO 14244 --- [JavaFX Application Thread] j.LocalContainerEntityManagerFactoryBean : Closing JPA EntityManagerFactory for persistence unit 'default'
2019-01-31 12:44:28.243  INFO 14244 --- [JavaFX Application Thread] com.zaxxer.hikari.HikariDataSource       : HikariPool-1 - Shutdown initiated...
2019-01-31 12:44:28.245  INFO 14244 --- [JavaFX Application Thread] com.zaxxer.hikari.HikariDataSource       : HikariPool-1 - Shutdown completed.
